<?xml version="1.0" encoding="UTF-8"?>
<!-- Generated by org.testng.reporters.JUnitReportReporter -->
<testsuite hostname="meldeeb-latitude-e6540" failures="0" tests="3" name="appiumtests.AppiumTests" time="33.386" errors="0" timestamp="2021-03-27T22:58:34 EET" skipped="0">
  <testcase classname="appiumtests.AppiumTests" name="validEmailLogin" time="13.343"/>
  <system-out/>
  <testcase classname="appiumtests.AppiumTests" name="betweenTests" time="15.062"/>
  <system-out/>
  <testcase classname="appiumtests.AppiumTests" name="invalidEmailLogin" time="4.981"/>
  <system-out/>
</testsuite> <!-- appiumtests.AppiumTests -->
